This is XeTeX, Version 3.14159265-2.6-0.99999 (TeX Live 2018) (preloaded format=xelatex 2018.9.3)  23 MAY 2019 16:18
entering extended mode
 restricted \write18 enabled.
 %&-line parsing enabled.
**index.tex
(./index.tex
LaTeX2e <2018-04-01> patch level 2
Babel <3.18> and hyphenation patterns for 84 language(s) loaded.
(../__mal__/mal.tex
(/usr/local/texlive/2018/texmf-dist/tex/latex/base/report.cls
Document Class: report 2014/09/29 v1.4h Standard LaTeX document class
(/usr/local/texlive/2018/texmf-dist/tex/latex/base/size10.clo
File: size10.clo 2014/09/29 v1.4h Standard LaTeX file (size option)
)
\c@part=\count80
\c@chapter=\count81
\c@section=\count82
\c@subsection=\count83
\c@subsubsection=\count84
\c@paragraph=\count85
\c@subparagraph=\count86
\c@figure=\count87
\c@table=\count88
\abovecaptionskip=\skip41
\belowcaptionskip=\skip42
\bibindent=\dimen102
)
(/usr/local/texlive/2018/texmf-dist/tex/latex/geometry/geometry.sty
Package: geometry 2018/03/24 v5.7 Page Geometry

(/usr/local/texlive/2018/texmf-dist/tex/latex/graphics/keyval.sty
Package: keyval 2014/10/28 v1.15 key=value parser (DPC)
\KV@toks@=\toks14
)
(/usr/local/texlive/2018/texmf-dist/tex/generic/oberdiek/ifpdf.sty
Package: ifpdf 2017/03/15 v3.2 Provides the ifpdf switch
)
(/usr/local/texlive/2018/texmf-dist/tex/generic/oberdiek/ifvtex.sty
Package: ifvtex 2016/05/16 v1.6 Detect VTeX and its facilities (HO)
Package ifvtex Info: VTeX not detected.
)
(/usr/local/texlive/2018/texmf-dist/tex/generic/ifxetex/ifxetex.sty
Package: ifxetex 2010/09/12 v0.6 Provides ifxetex conditional
)
\Gm@cnth=\count89
\Gm@cntv=\count90
\c@Gm@tempcnt=\count91
\Gm@bindingoffset=\dimen103
\Gm@wd@mp=\dimen104
\Gm@odd@mp=\dimen105
\Gm@even@mp=\dimen106
\Gm@layoutwidth=\dimen107
\Gm@layoutheight=\dimen108
\Gm@layouthoffset=\dimen109
\Gm@layoutvoffset=\dimen110
\Gm@dimlist=\toks15
)
(/usr/local/texlive/2018/texmf-dist/tex/latex/fontspec/fontspec.sty
(/usr/local/texlive/2018/texmf-dist/tex/latex/l3packages/xparse/xparse.sty
(/usr/local/texlive/2018/texmf-dist/tex/latex/l3kernel/expl3.sty
Package: expl3 2018/03/05 L3 programming layer (loader) 

(/usr/local/texlive/2018/texmf-dist/tex/latex/l3kernel/expl3-code.tex
Package: expl3 2018/03/05 L3 programming layer (code)
\c_max_int=\count92
\l_tmpa_int=\count93
\l_tmpb_int=\count94
\g_tmpa_int=\count95
\g_tmpb_int=\count96
\g__intarray_font_int=\count97
\g__prg_map_int=\count98
\c_log_iow=\count99
\l_iow_line_count_int=\count100
\l__iow_line_target_int=\count101
\l__iow_one_indent_int=\count102
\l__iow_indent_int=\count103
\c_zero_dim=\dimen111
\c_max_dim=\dimen112
\l_tmpa_dim=\dimen113
\l_tmpb_dim=\dimen114
\g_tmpa_dim=\dimen115
\g_tmpb_dim=\dimen116
\c_zero_skip=\skip43
\c_max_skip=\skip44
\l_tmpa_skip=\skip45
\l_tmpb_skip=\skip46
\g_tmpa_skip=\skip47
\g_tmpb_skip=\skip48
\c_zero_muskip=\muskip10
\c_max_muskip=\muskip11
\l_tmpa_muskip=\muskip12
\l_tmpb_muskip=\muskip13
\g_tmpa_muskip=\muskip14
\g_tmpb_muskip=\muskip15
\l_keys_choice_int=\count104
\c__fp_leading_shift_int=\count105
\c__fp_middle_shift_int=\count106
\c__fp_trailing_shift_int=\count107
\c__fp_big_leading_shift_int=\count108
\c__fp_big_middle_shift_int=\count109
\c__fp_big_trailing_shift_int=\count110
\c__fp_Bigg_leading_shift_int=\count111
\c__fp_Bigg_middle_shift_int=\count112
\c__fp_Bigg_trailing_shift_int=\count113
\l__sort_length_int=\count114
\l__sort_min_int=\count115
\l__sort_top_int=\count116
\l__sort_max_int=\count117
\l__sort_true_max_int=\count118
\l__sort_block_int=\count119
\l__sort_begin_int=\count120
\l__sort_end_int=\count121
\l__sort_A_int=\count122
\l__sort_B_int=\count123
\l__sort_C_int=\count124
\l__tl_build_start_index_int=\count125
\l__tl_build_index_int=\count126
\l__tl_analysis_normal_int=\count127
\l__tl_analysis_index_int=\count128
\l__tl_analysis_nesting_int=\count129
\l__tl_analysis_type_int=\count130
\l__regex_internal_a_int=\count131
\l__regex_internal_b_int=\count132
\l__regex_internal_c_int=\count133
\l__regex_balance_int=\count134
\l__regex_group_level_int=\count135
\l__regex_mode_int=\count136
\c__regex_cs_in_class_mode_int=\count137
\c__regex_cs_mode_int=\count138
\l__regex_catcodes_int=\count139
\l__regex_default_catcodes_int=\count140
\c__regex_catcode_L_int=\count141
\c__regex_catcode_O_int=\count142
\c__regex_catcode_A_int=\count143
\c__regex_all_catcodes_int=\count144
\l__regex_show_lines_int=\count145
\l__regex_min_state_int=\count146
\l__regex_max_state_int=\count147
\l__regex_left_state_int=\count148
\l__regex_right_state_int=\count149
\l__regex_capturing_group_int=\count150
\l__regex_min_pos_int=\count151
\l__regex_max_pos_int=\count152
\l__regex_curr_pos_int=\count153
\l__regex_start_pos_int=\count154
\l__regex_success_pos_int=\count155
\l__regex_curr_char_int=\count156
\l__regex_curr_catcode_int=\count157
\l__regex_last_char_int=\count158
\l__regex_case_changed_char_int=\count159
\l__regex_curr_state_int=\count160
\l__regex_step_int=\count161
\l__regex_min_active_int=\count162
\l__regex_max_active_int=\count163
\l__regex_replacement_csnames_int=\count164
\l__regex_match_count_int=\count165
\l__regex_min_submatch_int=\count166
\l__regex_submatch_int=\count167
\l__regex_zeroth_submatch_int=\count168
\g__regex_trace_regex_int=\count169
\c_empty_box=\box26
\l_tmpa_box=\box27
\l_tmpb_box=\box28
\g_tmpa_box=\box29
\g_tmpb_box=\box30
\l__box_top_dim=\dimen117
\l__box_bottom_dim=\dimen118
\l__box_left_dim=\dimen119
\l__box_right_dim=\dimen120
\l__box_top_new_dim=\dimen121
\l__box_bottom_new_dim=\dimen122
\l__box_left_new_dim=\dimen123
\l__box_right_new_dim=\dimen124
\l__box_internal_box=\box31
\l__coffin_internal_box=\box32
\l__coffin_internal_dim=\dimen125
\l__coffin_offset_x_dim=\dimen126
\l__coffin_offset_y_dim=\dimen127
\l__coffin_x_dim=\dimen128
\l__coffin_y_dim=\dimen129
\l__coffin_x_prime_dim=\dimen130
\l__coffin_y_prime_dim=\dimen131
\c_empty_coffin=\box33
\l__coffin_aligned_coffin=\box34
\l__coffin_aligned_internal_coffin=\box35
\l_tmpa_coffin=\box36
\l_tmpb_coffin=\box37
\l__coffin_display_coffin=\box38
\l__coffin_display_coord_coffin=\box39
\l__coffin_display_pole_coffin=\box40
\l__coffin_display_offset_dim=\dimen132
\l__coffin_display_x_dim=\dimen133
\l__coffin_display_y_dim=\dimen134
\l__coffin_bounding_shift_dim=\dimen135
\l__coffin_left_corner_dim=\dimen136
\l__coffin_right_corner_dim=\dimen137
\l__coffin_bottom_corner_dim=\dimen138
\l__coffin_top_corner_dim=\dimen139
\l__coffin_scaled_total_height_dim=\dimen140
\l__coffin_scaled_width_dim=\dimen141
)
(/usr/local/texlive/2018/texmf-dist/tex/latex/l3kernel/l3xdvipdfmx.def
File: l3xdvidpfmx.def 2017/03/18 v L3 Experimental driver: xdvipdfmx
\g__driver_image_int=\count170
))
Package: xparse 2018/02/21 L3 Experimental document command parser
\l__xparse_current_arg_int=\count171
\g__xparse_grabber_int=\count172
\l__xparse_m_args_int=\count173
\l__xparse_mandatory_args_int=\count174
\l__xparse_v_nesting_int=\count175
)
Package: fontspec 2017/11/09 v2.6g Font selection for XeLaTeX and LuaLaTeX

(/usr/local/texlive/2018/texmf-dist/tex/latex/fontspec/fontspec-xetex.sty
Package: fontspec-xetex 2017/11/09 v2.6g Font selection for XeLaTeX and LuaLaTe
X
\l__fontspec_script_int=\count176
\l__fontspec_language_int=\count177
\l__fontspec_strnum_int=\count178
\l__fontspec_tmp_int=\count179
\l__fontspec_em_int=\count180
\l__fontspec_emdef_int=\count181
\l__fontspec_strong_int=\count182
\l__fontspec_strongdef_int=\count183
\l__fontspec_tmpa_dim=\dimen142
\l__fontspec_tmpb_dim=\dimen143
\l__fontspec_tmpc_dim=\dimen144
\g__file_internal_ior=\read1

(/usr/local/texlive/2018/texmf-dist/tex/latex/base/fontenc.sty
Package: fontenc 2017/04/05 v2.0i Standard LaTeX package

(/usr/local/texlive/2018/texmf-dist/tex/latex/base/tuenc.def
File: tuenc.def 2017/04/05 v2.0i Standard LaTeX file
LaTeX Font Info:    Redeclaring font encoding TU on input line 82.
))
.................................................
. LaTeX info: "xparse/define-command"
. 
. Defining command \fontspec with sig. 'O{}mO{}' on line 542.
.................................................
.................................................
. LaTeX info: "xparse/define-command"
. 
. Defining command \setmainfont with sig. 'O{}mO{}' on line 546.
.................................................
.................................................
. LaTeX info: "xparse/define-command"
. 
. Defining command \setsansfont with sig. 'O{}mO{}' on line 550.
.................................................
.................................................
. LaTeX info: "xparse/define-command"
. 
. Defining command \setmonofont with sig. 'O{}mO{}' on line 554.
.................................................
.................................................
. LaTeX info: "xparse/define-command"
. 
. Defining command \setmathrm with sig. 'O{}mO{}' on line 558.
.................................................
.................................................
. LaTeX info: "xparse/define-command"
. 
. Defining command \setboldmathrm with sig. 'O{}mO{}' on line 562.
.................................................
.................................................
. LaTeX info: "xparse/define-command"
. 
. Defining command \setmathsf with sig. 'O{}mO{}' on line 566.
.................................................
.................................................
. LaTeX info: "xparse/define-command"
. 
. Defining command \setmathtt with sig. 'O{}mO{}' on line 570.
.................................................
.................................................
. LaTeX info: "xparse/define-command"
. 
. Defining command \setromanfont with sig. 'O{}mO{}' on line 574.
.................................................
.................................................
. LaTeX info: "xparse/define-command"
. 
. Defining command \newfontfamily with sig. 'mO{}mO{}' on line 578.
.................................................
.................................................
. LaTeX info: "xparse/define-command"
. 
. Defining command \newfontface with sig. 'mO{}mO{}' on line 582.
.................................................
.................................................
. LaTeX info: "xparse/define-command"
. 
. Defining command \defaultfontfeatures with sig. 't+om' on line 586.
.................................................
.................................................
. LaTeX info: "xparse/define-command"
. 
. Defining command \addfontfeatures with sig. 'm' on line 590.
.................................................
.................................................
. LaTeX info: "xparse/define-command"
. 
. Defining command \addfontfeature with sig. 'm' on line 594.
.................................................
.................................................
. LaTeX info: "xparse/define-command"
. 
. Defining command \newfontfeature with sig. 'mm' on line 598.
.................................................
.................................................
. LaTeX info: "xparse/define-command"
. 
. Defining command \newAATfeature with sig. 'mmmm' on line 602.
.................................................
.................................................
. LaTeX info: "xparse/define-command"
. 
. Defining command \newopentypefeature with sig. 'mmm' on line 606.
.................................................
.................................................
. LaTeX info: "xparse/define-command"
. 
. Defining command \newICUfeature with sig. 'mmm' on line 610.
.................................................
.................................................
. LaTeX info: "xparse/define-command"
. 
. Defining command \aliasfontfeature with sig. 'mm' on line 614.
.................................................
.................................................
. LaTeX info: "xparse/define-command"
. 
. Defining command \aliasfontfeatureoption with sig. 'mmm' on line 618.
.................................................
.................................................
. LaTeX info: "xparse/define-command"
. 
. Defining command \newfontscript with sig. 'mm' on line 622.
.................................................
.................................................
. LaTeX info: "xparse/define-command"
. 
. Defining command \newfontlanguage with sig. 'mm' on line 626.
.................................................
.................................................
. LaTeX info: "xparse/define-command"
. 
. Defining command \DeclareFontsExtensions with sig. 'm' on line 630.
.................................................
.................................................
. LaTeX info: "xparse/define-command"
. 
. Defining command \IfFontFeatureActiveTF with sig. 'mmm' on line 634.
.................................................
.................................................
. LaTeX info: "xparse/define-command"
. 
. Defining command \EncodingCommand with sig. 'mO{}m' on line 3632.
.................................................
.................................................
. LaTeX info: "xparse/define-command"
. 
. Defining command \EncodingAccent with sig. 'mm' on line 3638.
.................................................
.................................................
. LaTeX info: "xparse/define-command"
. 
. Defining command \EncodingSymbol with sig. 'mm' on line 3644.
.................................................
.................................................
. LaTeX info: "xparse/define-command"
. 
. Defining command \EncodingComposite with sig. 'mmm' on line 3650.
.................................................
.................................................
. LaTeX info: "xparse/define-command"
. 
. Defining command \EncodingCompositeCommand with sig. 'mmm' on line 3656.
.................................................
.................................................
. LaTeX info: "xparse/define-command"
. 
. Defining command \DeclareUnicodeEncoding with sig. 'mm' on line 3681.
.................................................
.................................................
. LaTeX info: "xparse/define-command"
. 
. Defining command \UndeclareSymbol with sig. 'm' on line 3687.
.................................................
.................................................
. LaTeX info: "xparse/define-command"
. 
. Defining command \UndeclareAccent with sig. 'm' on line 3693.
.................................................
.................................................
. LaTeX info: "xparse/define-command"
. 
. Defining command \UndeclareCommand with sig. 'm' on line 3699.
.................................................
.................................................
. LaTeX info: "xparse/define-command"
. 
. Defining command \UndeclareComposite with sig. 'mm' on line 3706.
.................................................

(/usr/local/texlive/2018/texmf-dist/tex/latex/fontspec/fontspec.cfg)
LaTeX Info: Redefining \itshape on input line 3891.
LaTeX Info: Redefining \slshape on input line 3896.
LaTeX Info: Redefining \scshape on input line 3901.
LaTeX Info: Redefining \upshape on input line 3906.
LaTeX Info: Redefining \em on input line 3936.
LaTeX Info: Redefining \emph on input line 3961.
LaTeX Info: Redefining \- on input line 4015.
.................................................
. LaTeX info: "xparse/redefine-command"
. 
. Redefining command \oldstylenums with sig. 'm' on line 4110.
.................................................
.................................................
. LaTeX info: "xparse/define-command"
. 
. Defining command \liningnums with sig. 'm' on line 4114.
.................................................
))
(/usr/local/texlive/2018/texmf-dist/tex/latex/xltxtra/xltxtra.sty
Package: xltxtra 2016/01/21 v0.6 Improvements for the "XeLaTeX" format

(/usr/local/texlive/2018/texmf-dist/tex/generic/oberdiek/ifluatex.sty
Package: ifluatex 2016/05/16 v1.4 Provides the ifluatex switch (HO)
Package ifluatex Info: LuaTeX not detected.
)
(/usr/local/texlive/2018/texmf-dist/tex/latex/realscripts/realscripts.sty
Package: realscripts 2016/02/13 v0.3d Access OpenType subscripts and superscrip
ts
.................................................
. LaTeX info: "xparse/define-command"
. 
. Defining command \fakesubscript with sig. 'm' on line 19.
.................................................
.................................................
. LaTeX info: "xparse/define-command"
. 
. Defining command \fakesuperscript with sig. 'm' on line 22.
.................................................
.................................................
. LaTeX info: "xparse/redefine-command"
. 
. Redefining command \textsubscript with sig. 's' on line 25.
.................................................
.................................................
. LaTeX info: "xparse/redefine-command"
. 
. Redefining command \textsuperscript with sig. 's' on line 28.
.................................................
.................................................
. LaTeX info: "xparse/define-command"
. 
. Defining command \realsubscript with sig. 'm' on line 45.
.................................................
.................................................
. LaTeX info: "xparse/define-command"
. 
. Defining command \realsuperscript with sig. 'm' on line 60.
.................................................
.................................................
. LaTeX info: "xparse/define-command"
. 
. Defining command \textsubsuperscript with sig. 'sO{l}mm' on line 138.
.................................................
.................................................
. LaTeX info: "xparse/define-command"
. 
. Defining command \textsupersubscript with sig. 'sO{l}mm' on line 143.
.................................................
\subsupersep=\dimen145
)
(/usr/local/texlive/2018/texmf-dist/tex/latex/metalogo/metalogo.sty
Package: metalogo 2010/05/29 v0.12 Extended TeX logo macros

(/usr/local/texlive/2018/texmf-dist/tex/latex/graphics/graphicx.sty
Package: graphicx 2017/06/01 v1.1a Enhanced LaTeX Graphics (DPC,SPQR)

(/usr/local/texlive/2018/texmf-dist/tex/latex/graphics/graphics.sty
Package: graphics 2017/06/25 v1.2c Standard LaTeX Graphics (DPC,SPQR)

(/usr/local/texlive/2018/texmf-dist/tex/latex/graphics/trig.sty
Package: trig 2016/01/03 v1.10 sin cos tan (DPC)
)
(/usr/local/texlive/2018/texmf-dist/tex/latex/graphics-cfg/graphics.cfg
File: graphics.cfg 2016/06/04 v1.11 sample graphics configuration
)
Package graphics Info: Driver file: xetex.def on input line 99.

(/usr/local/texlive/2018/texmf-dist/tex/latex/graphics-def/xetex.def
File: xetex.def 2017/06/24 v5.0h Graphics/color driver for xetex
))
\Gin@req@height=\dimen146
\Gin@req@width=\dimen147
)
\xl@everylogo=\toks16
\xl@@everylogo=\toks17
LaTeX Info: Redefining \TeX on input line 193.
LaTeX Info: Redefining \LaTeX on input line 202.
LaTeX Info: Redefining \LaTeXe on input line 219.
)
\l__xetex_show_hyphens_wrapping_box=\box41
\l__xetex_show_hyphens_temp_box=\box42
\l__xetex_show_hyphens_final_box=\box43
\g__xetex_show_hyphens_word_box=\box44
)
(/usr/local/texlive/2018/texmf-dist/tex/xelatex/xunicode/xunicode.sty
File: xunicode.sty 2011/09/09 v0.981 provides access to latin accents and many 
other characters in Unicode lower plane

(/usr/local/texlive/2018/texmf-dist/tex/latex/tipa/t3enc.def
File: t3enc.def 2001/12/31 T3 encoding
)
\tipaTiiicode=\count184
\tipasavetokens=\toks18
\tipachecktokens=\toks19
)
(/usr/local/texlive/2018/texmf-dist/tex/latex/xcolor/xcolor.sty
Package: xcolor 2016/05/11 v2.12 LaTeX color extensions (UK)

(/usr/local/texlive/2018/texmf-dist/tex/latex/graphics-cfg/color.cfg
File: color.cfg 2016/01/02 v1.6 sample color configuration
)
Package xcolor Info: Package option `usenames' ignored on input line 216.
Package xcolor Info: Driver file: xetex.def on input line 225.

(/usr/local/texlive/2018/texmf-dist/tex/latex/colortbl/colortbl.sty
Package: colortbl 2012/02/13 v1.0a Color table columns (DPC)

(/usr/local/texlive/2018/texmf-dist/tex/latex/tools/array.sty
Package: array 2018/04/07 v2.4g Tabular extension package (FMi)
\col@sep=\dimen148
\ar@mcellbox=\box45
\extrarowheight=\dimen149
\NC@list=\toks20
\extratabsurround=\skip49
\backup@length=\skip50
\ar@cellbox=\box46
)
\everycr=\toks21
\minrowclearance=\skip51
)
\rownum=\count185
Package xcolor Info: Model `cmy' substituted by `cmy0' on input line 1348.
Package xcolor Info: Model `RGB' extended on input line 1364.
Package xcolor Info: Model `HTML' substituted by `rgb' on input line 1366.
Package xcolor Info: Model `Hsb' substituted by `hsb' on input line 1367.
Package xcolor Info: Model `tHsb' substituted by `hsb' on input line 1368.
Package xcolor Info: Model `HSB' substituted by `hsb' on input line 1369.
Package xcolor Info: Model `Gray' substituted by `gray' on input line 1370.
Package xcolor Info: Model `wave' substituted by `hsb' on input line 1371.

(/usr/local/texlive/2018/texmf-dist/tex/latex/graphics/dvipsnam.def
File: dvipsnam.def 2016/06/17 v3.0m Driver-dependent file (DPC,SPQR)
)
(/usr/local/texlive/2018/texmf-dist/tex/latex/xcolor/svgnam.def
File: svgnam.def 2016/05/11 v2.12 Predefined colors according to SVG 1.1 (UK)
))
(/usr/local/texlive/2018/texmf-dist/tex/latex/url/url.sty
\Urlmuskip=\muskip16
Package: url 2013/09/16  ver 3.4  Verb mode for urls, etc.
)
(/usr/local/texlive/2018/texmf-dist/tex/latex/hyperref/hyperref.sty
Package: hyperref 2018/02/06 v6.86b Hypertext links for LaTeX

(/usr/local/texlive/2018/texmf-dist/tex/generic/oberdiek/hobsub-hyperref.sty
Package: hobsub-hyperref 2016/05/16 v1.14 Bundle oberdiek, subset hyperref (HO)


(/usr/local/texlive/2018/texmf-dist/tex/generic/oberdiek/hobsub-generic.sty
Package: hobsub-generic 2016/05/16 v1.14 Bundle oberdiek, subset generic (HO)
Package: hobsub 2016/05/16 v1.14 Construct package bundles (HO)
Package: infwarerr 2016/05/16 v1.4 Providing info/warning/error messages (HO)
Package: ltxcmds 2016/05/16 v1.23 LaTeX kernel commands for general use (HO)
Package hobsub Info: Skipping package `ifluatex' (already loaded).
Package hobsub Info: Skipping package `ifvtex' (already loaded).
Package: intcalc 2016/05/16 v1.2 Expandable calculations with integers (HO)
Package hobsub Info: Skipping package `ifpdf' (already loaded).
Package: etexcmds 2016/05/16 v1.6 Avoid name clashes with e-TeX commands (HO)
Package etexcmds Info: Could not find \expanded.
(etexcmds)             That can mean that you are not using pdfTeX 1.50 or
(etexcmds)             that some package has redefined \expanded.
(etexcmds)             In the latter case, load this package earlier.
Package: kvsetkeys 2016/05/16 v1.17 Key value parser (HO)
Package: kvdefinekeys 2016/05/16 v1.4 Define keys (HO)
Package: pdftexcmds 2018/01/30 v0.27 Utility functions of pdfTeX for LuaTeX (HO
)
Package pdftexcmds Info: LuaTeX not detected.
Package pdftexcmds Info: pdfTeX >= 1.30 not detected.
Package pdftexcmds Info: \pdf@primitive is available.
Package pdftexcmds Info: \pdf@ifprimitive is available.
Package pdftexcmds Info: \pdfdraftmode not found.
Package: pdfescape 2016/05/16 v1.14 Implements pdfTeX's escape features (HO)
Package: bigintcalc 2016/05/16 v1.4 Expandable calculations on big integers (HO
)
Package: bitset 2016/05/16 v1.2 Handle bit-vector datatype (HO)
Package: uniquecounter 2016/05/16 v1.3 Provide unlimited unique counter (HO)
)
Package hobsub Info: Skipping package `hobsub' (already loaded).
Package: letltxmacro 2016/05/16 v1.5 Let assignment for LaTeX macros (HO)
Package: hopatch 2016/05/16 v1.3 Wrapper for package hooks (HO)
Package: xcolor-patch 2016/05/16 xcolor patch
Package: atveryend 2016/05/16 v1.9 Hooks at the very end of document (HO)
Package atveryend Info: \enddocument detected (standard20110627).
Package: atbegshi 2016/06/09 v1.18 At begin shipout hook (HO)
Package: refcount 2016/05/16 v3.5 Data extraction from label references (HO)
Package: hycolor 2016/05/16 v1.8 Color options for hyperref/bookmark (HO)
)
(/usr/local/texlive/2018/texmf-dist/tex/latex/oberdiek/auxhook.sty
Package: auxhook 2016/05/16 v1.4 Hooks for auxiliary files (HO)
)
(/usr/local/texlive/2018/texmf-dist/tex/latex/oberdiek/kvoptions.sty
Package: kvoptions 2016/05/16 v3.12 Key value format for package options (HO)
)
\@linkdim=\dimen150
\Hy@linkcounter=\count186
\Hy@pagecounter=\count187

(/usr/local/texlive/2018/texmf-dist/tex/latex/hyperref/pd1enc.def
File: pd1enc.def 2018/02/06 v6.86b Hyperref: PDFDocEncoding definition (HO)
)
\Hy@SavedSpaceFactor=\count188

(/usr/local/texlive/2018/texmf-dist/tex/latex/latexconfig/hyperref.cfg
File: hyperref.cfg 2002/06/06 v1.2 hyperref configuration of TeXLive
)
Package hyperref Info: Option `colorlinks' set `true' on input line 4383.
Package hyperref Info: Hyper figures OFF on input line 4509.
Package hyperref Info: Link nesting OFF on input line 4514.
Package hyperref Info: Hyper index ON on input line 4517.
Package hyperref Info: Plain pages OFF on input line 4524.
Package hyperref Info: Backreferencing OFF on input line 4529.
Package hyperref Info: Implicit mode ON; LaTeX internals redefined.
Package hyperref Info: Bookmarks ON on input line 4762.
\c@Hy@tempcnt=\count189
LaTeX Info: Redefining \url on input line 5115.
\XeTeXLinkMargin=\dimen151
\Fld@menulength=\count190
\Field@Width=\dimen152
\Fld@charsize=\dimen153
Package hyperref Info: Hyper figures OFF on input line 6369.
Package hyperref Info: Link nesting OFF on input line 6374.
Package hyperref Info: Hyper index ON on input line 6377.
Package hyperref Info: backreferencing OFF on input line 6384.
Package hyperref Info: Link coloring ON on input line 6387.
Package hyperref Info: Link coloring with OCG OFF on input line 6394.
Package hyperref Info: PDF/A mode OFF on input line 6399.
LaTeX Info: Redefining \ref on input line 6439.
LaTeX Info: Redefining \pageref on input line 6443.
\Hy@abspage=\count191
\c@Item=\count192
\c@Hfootnote=\count193
)
Package hyperref Info: Driver (autodetected): hxetex.

(/usr/local/texlive/2018/texmf-dist/tex/latex/hyperref/hxetex.def
File: hxetex.def 2018/02/06 v6.86b Hyperref driver for XeTeX

(/usr/local/texlive/2018/texmf-dist/tex/latex/hyperref/puenc.def
File: puenc.def 2018/02/06 v6.86b Hyperref: PDF Unicode definition (HO)
)
(/usr/local/texlive/2018/texmf-dist/tex/generic/oberdiek/stringenc.sty
Package: stringenc 2016/05/16 v1.11 Convert strings between diff. encodings (HO
)
)
\pdfm@box=\box47
\c@Hy@AnnotLevel=\count194
\HyField@AnnotCount=\count195
\Fld@listcount=\count196
\c@bookmark@seq@number=\count197

(/usr/local/texlive/2018/texmf-dist/tex/latex/oberdiek/rerunfilecheck.sty
Package: rerunfilecheck 2016/05/16 v1.8 Rerun checks for auxiliary files (HO)
Package uniquecounter Info: New unique counter `rerunfilecheck' on input line 2
82.
)
\Hy@SectionHShift=\skip52
)
Package hyperref Info: Option `colorlinks' set `true' on input line 26.

(/usr/local/texlive/2018/texmf-dist/tex/latex/oberdiek/epstopdf.sty
Package: epstopdf 2016/05/15 v2.6 Conversion with epstopdf on the fly (HO)

(/usr/local/texlive/2018/texmf-dist/tex/latex/oberdiek/epstopdf-base.sty
Package: epstopdf-base 2016/05/15 v2.6 Base part for package epstopdf

(/usr/local/texlive/2018/texmf-dist/tex/latex/oberdiek/grfext.sty
Package: grfext 2016/05/16 v1.2 Manage graphics extensions (HO)
)

Package epstopdf Warning: Drivers other than `pdftex' and `luatex' are not supp
orted.

)) (/usr/local/texlive/2018/texmf-dist/tex/latex/eurosym/eurosym.sty
Package: eurosym 1998/08/06 v1.1 European currency symbol ``Euro''
\@eurobox=\box48
)
(/usr/local/texlive/2018/texmf-dist/tex/latex/caption/caption.sty
Package: caption 2016/02/21 v3.3-144 Customizing captions (AR)

(/usr/local/texlive/2018/texmf-dist/tex/latex/caption/caption3.sty
Package: caption3 2016/05/22 v1.7-166 caption3 kernel (AR)
Package caption3 Info: TeX engine: e-TeX on input line 67.
\captionmargin=\dimen154
\captionmargin@=\dimen155
\captionwidth=\dimen156
\caption@tempdima=\dimen157
\caption@indent=\dimen158
\caption@parindent=\dimen159
\caption@hangindent=\dimen160
)
\c@ContinuedFloat=\count198
Package caption Info: hyperref package is loaded.
)
(/usr/local/texlive/2018/texmf-dist/tex/latex/flowfram/flowfram.sty
Package: flowfram 2014/09/30 v1.17 (NLCT)

(/usr/local/texlive/2018/texmf-dist/tex/latex/base/ifthen.sty
Package: ifthen 2014/09/29 v1.1c Standard LaTeX ifthen package (DPC)
)
(/usr/local/texlive/2018/texmf-dist/tex/latex/xkeyval/xkeyval.sty
Package: xkeyval 2014/12/03 v2.7a package option processing (HA)

(/usr/local/texlive/2018/texmf-dist/tex/generic/xkeyval/xkeyval.tex
(/usr/local/texlive/2018/texmf-dist/tex/generic/xkeyval/xkvutils.tex
\XKV@toks=\toks22
\XKV@tempa@toks=\toks23
)
\XKV@depth=\count199
File: xkeyval.tex 2014/12/03 v2.7a key=value parser (HA)
))
(/usr/local/texlive/2018/texmf-dist/tex/latex/tools/afterpage.sty
Package: afterpage 2014/10/28 v1.08 After-Page Package (DPC)
\AP@output=\toks24
\AP@partial=\box49
\AP@footins=\box50
)
(/usr/local/texlive/2018/texmf-dist/tex/latex/xfor/xfor.sty
Package: xfor 2009/02/05 v1.05 (NLCT)
)
(/usr/local/texlive/2018/texmf-dist/tex/latex/etoolbox/etoolbox.sty
Package: etoolbox 2018/02/11 v2.5e e-TeX tools for LaTeX (JAW)
\etb@tempcnta=\count266
)
\fflabelsep=\skip53
\c@absolutepage=\count267
\c@maxflow=\count268
\c@thisframe=\count269
\c@displayedframe=\count270
\c@maxstatic=\count271
\c@maxdynamic=\count272
\@colN=\count273
\@ff@tmpN=\count274
\ff@id=\count275
\@ff@offset=\skip54
\@ff@tmp@x=\skip55
\@ff@tmp@x@even=\skip56
\@ff@tmp@y=\skip57
\sdfparindent=\skip58
\flowframesep=\skip59
\flowframerule=\skip60
\staticframe=\box51
\@dynamictok=\toks25
\flf@ta=\toks26
\flf@tb=\toks27
\ffareawidth=\skip61
\ffareaheight=\skip62
\ffareax=\skip63
\ffareay=\skip64
\ffareaevenx=\skip65
\ffareaeveny=\skip66
\fftolerance=\skip67
\c@ffrangenum=\count276
\c@curpg=\count277
\ffevenoffset=\skip68
\@nxtcol=\count278
\columnheight=\skip69
\vcolumnsep=\skip70
\@ff@staticH=\skip71
\@ff@adjh=\count279
\@ff@staticW=\skip72
\@thisstrip=\count280
\ffcolumnseprule=\skip73
\@ff@left@x=\skip74
\@ff@left@y=\skip75
\@ff@left@evenx=\skip76
\@ff@left@eveny=\skip77
\@ff@left@width=\skip78
\@ff@left@height=\skip79
\c@maxthumbtabs=\count281
\thumbtabwidth=\skip80
\@greyscale=\count282
\c@maxtocunits=\count283
\c@maxminitoc=\count284
\@ttb@level=\count285
\@ttb@minitoclevel=\count286
\beforeminitocskip=\skip81
\afterminitocskip=\skip82
\c@minitoc=\count287
)
\@staticframe@i=\box52
\@sf@i@posx=\skip83
\@sf@i@posy=\skip84
\@sf@i@evenx=\skip85
\@sf@i@eveny=\skip86
\@staticframe@ii=\box53
\@sf@ii@posx=\skip87
\@sf@ii@posy=\skip88
\@sf@ii@evenx=\skip89
\@sf@ii@eveny=\skip90
\@staticframe@iii=\box54
\@sf@iii@posx=\skip91
\@sf@iii@posy=\skip92
\@sf@iii@evenx=\skip93
\@sf@iii@eveny=\skip94
\@staticframe@iv=\box55
\@sf@iv@posx=\skip95
\@sf@iv@posy=\skip96
\@sf@iv@evenx=\skip97
\@sf@iv@eveny=\skip98

(/usr/local/texlive/2018/texmf-dist/tex/latex/parskip/parskip.sty
Package: parskip 2001/04/09 non-zero parskip adjustments


LaTeX Warning: Command \@starttoc  has changed.
               Check if current package is valid.

)
\@staticframe@v=\box56
\@sf@v@posx=\skip99
\@sf@v@posy=\skip100
\@sf@v@evenx=\skip101
\@sf@v@eveny=\skip102
\columni=\box57
\colwidthi=\skip103
\colheighti=\skip104
\col@i@posx=\skip105
\col@i@posy=\skip106
\col@i@evenx=\skip107
\col@i@eveny=\skip108
\columnii=\box58
\colwidthii=\skip109
\colheightii=\skip110
\col@ii@posx=\skip111
\col@ii@posy=\skip112
\col@ii@evenx=\skip113
\col@ii@eveny=\skip114
\columniii=\box59
\colwidthiii=\skip115
\colheightiii=\skip116
\col@iii@posx=\skip117
\col@iii@posy=\skip118
\col@iii@evenx=\skip119
\col@iii@eveny=\skip120
\columniv=\box60
\colwidthiv=\skip121
\colheightiv=\skip122
\col@iv@posx=\skip123
\col@iv@posy=\skip124
\col@iv@evenx=\skip125
\col@iv@eveny=\skip126
\columnv=\box61
\colwidthv=\skip127
\colheightv=\skip128
\col@v@posx=\skip129
\col@v@posy=\skip130
\col@v@evenx=\skip131
\col@v@eveny=\skip132
\columnvi=\box62
\colwidthvi=\skip133
\colheightvi=\skip134
\col@vi@posx=\skip135
\col@vi@posy=\skip136
\col@vi@evenx=\skip137
\col@vi@eveny=\skip138
\@df@i@posx=\skip139
\@df@i@posy=\skip140
\@df@i@evenx=\skip141
\@df@i@eveny=\skip142
) (./index.aux)
\openout1 = `index.aux'.

LaTeX Font Info:    Checking defaults for OML/cmm/m/it on input line 7.
LaTeX Font Info:    ... okay on input line 7.
LaTeX Font Info:    Checking defaults for T1/cmr/m/n on input line 7.
LaTeX Font Info:    ... okay on input line 7.
LaTeX Font Info:    Checking defaults for OT1/cmr/m/n on input line 7.
LaTeX Font Info:    ... okay on input line 7.
LaTeX Font Info:    Checking defaults for OMS/cmsy/m/n on input line 7.
LaTeX Font Info:    ... okay on input line 7.
LaTeX Font Info:    Checking defaults for TU/lmr/m/n on input line 7.
LaTeX Font Info:    ... okay on input line 7.
LaTeX Font Info:    Checking defaults for OMX/cmex/m/n on input line 7.
LaTeX Font Info:    ... okay on input line 7.
LaTeX Font Info:    Checking defaults for U/cmr/m/n on input line 7.
LaTeX Font Info:    ... okay on input line 7.
LaTeX Font Info:    Checking defaults for T3/cmr/m/n on input line 7.
LaTeX Font Info:    Try loading font information for T3+cmr on input line 7.
 (/usr/local/texlive/2018/texmf-dist/tex/latex/tipa/t3cmr.fd
File: t3cmr.fd 2001/12/31 TIPA font definitions
)
LaTeX Font Info:    ... okay on input line 7.
LaTeX Font Info:    Checking defaults for PD1/pdf/m/n on input line 7.
LaTeX Font Info:    ... okay on input line 7.
LaTeX Font Info:    Checking defaults for PU/pdf/m/n on input line 7.
LaTeX Font Info:    ... okay on input line 7.

*geometry* driver: auto-detecting
*geometry* detected driver: xetex
*geometry* verbose mode - [ preamble ] result:
* driver: xetex
* paper: a4paper
* layout: <same size as paper>
* layoutoffset:(h,v)=(0.0pt,0.0pt)
* modes: landscape 
* h-part:(L,W,R)=(36.135pt, 772.77686pt, 36.135pt)
* v-part:(T,H,B)=(36.135pt, 525.23788pt, 36.135pt)
* \paperwidth=845.04684pt
* \paperheight=597.50787pt
* \textwidth=772.77686pt
* \textheight=525.23788pt
* \oddsidemargin=-36.135pt
* \evensidemargin=-36.135pt
* \topmargin=-73.135pt
* \headheight=12.0pt
* \headsep=25.0pt
* \topskip=10.0pt
* \footskip=30.0pt
* \marginparwidth=57.0pt
* \marginparsep=11.0pt
* \columnsep=28.45274pt
* \skip\footins=9.0pt plus 4.0pt minus 2.0pt
* \hoffset=0.0pt
* \voffset=0.0pt
* \mag=1000
* \@twocolumnfalse
* \@twosidefalse
* \@mparswitchfalse
* \@reversemarginfalse
* (1in=72.27pt=25.4mm, 1cm=28.453pt)

.................................................
. fontspec info: "setup-math"
. 
. Adjusting the maths setup (use [no-math] to avoid this).
.................................................
\symlegacymaths=\mathgroup4
LaTeX Font Info:    Overwriting symbol font `legacymaths' in version `bold'
(Font)                  OT1/cmr/m/n --> OT1/cmr/bx/n on input line 7.
LaTeX Font Info:    Redeclaring math accent \acute on input line 7.
LaTeX Font Info:    Redeclaring math accent \grave on input line 7.
LaTeX Font Info:    Redeclaring math accent \ddot on input line 7.
LaTeX Font Info:    Redeclaring math accent \tilde on input line 7.
LaTeX Font Info:    Redeclaring math accent \bar on input line 7.
LaTeX Font Info:    Redeclaring math accent \breve on input line 7.
LaTeX Font Info:    Redeclaring math accent \check on input line 7.
LaTeX Font Info:    Redeclaring math accent \hat on input line 7.
LaTeX Font Info:    Redeclaring math accent \dot on input line 7.
LaTeX Font Info:    Redeclaring math accent \mathring on input line 7.
LaTeX Font Info:    Redeclaring math symbol \colon on input line 7.
LaTeX Font Info:    Redeclaring math symbol \Gamma on input line 7.
LaTeX Font Info:    Redeclaring math symbol \Delta on input line 7.
LaTeX Font Info:    Redeclaring math symbol \Theta on input line 7.
LaTeX Font Info:    Redeclaring math symbol \Lambda on input line 7.
LaTeX Font Info:    Redeclaring math symbol \Xi on input line 7.
LaTeX Font Info:    Redeclaring math symbol \Pi on input line 7.
LaTeX Font Info:    Redeclaring math symbol \Sigma on input line 7.
LaTeX Font Info:    Redeclaring math symbol \Upsilon on input line 7.
LaTeX Font Info:    Redeclaring math symbol \Phi on input line 7.
LaTeX Font Info:    Redeclaring math symbol \Psi on input line 7.
LaTeX Font Info:    Redeclaring math symbol \Omega on input line 7.
LaTeX Font Info:    Redeclaring math symbol \mathdollar on input line 7.
LaTeX Font Info:    Redeclaring symbol font `operators' on input line 7.
LaTeX Font Info:    Encoding `OT1' has changed to `TU' for symbol font
(Font)              `operators' in the math version `normal' on input line 7.
LaTeX Font Info:    Overwriting symbol font `operators' in version `normal'
(Font)                  OT1/cmr/m/n --> TU/lmr/m/n on input line 7.
LaTeX Font Info:    Encoding `OT1' has changed to `TU' for symbol font
(Font)              `operators' in the math version `bold' on input line 7.
LaTeX Font Info:    Overwriting symbol font `operators' in version `bold'
(Font)                  OT1/cmr/bx/n --> TU/lmr/m/n on input line 7.
LaTeX Font Info:    Overwriting symbol font `operators' in version `normal'
(Font)                  TU/lmr/m/n --> TU/lmr/m/n on input line 7.
LaTeX Font Info:    Overwriting math alphabet `\mathit' in version `normal'
(Font)                  OT1/cmr/m/it --> TU/lmr/m/it on input line 7.
LaTeX Font Info:    Overwriting math alphabet `\mathbf' in version `normal'
(Font)                  OT1/cmr/bx/n --> TU/lmr/bx/n on input line 7.
LaTeX Font Info:    Overwriting math alphabet `\mathsf' in version `normal'
(Font)                  OT1/cmss/m/n --> TU/lmss/m/n on input line 7.
LaTeX Font Info:    Overwriting math alphabet `\mathtt' in version `normal'
(Font)                  OT1/cmtt/m/n --> TU/lmtt/m/n on input line 7.
LaTeX Font Info:    Overwriting symbol font `operators' in version `bold'
(Font)                  TU/lmr/m/n --> TU/lmr/bx/n on input line 7.
LaTeX Font Info:    Overwriting math alphabet `\mathit' in version `bold'
(Font)                  OT1/cmr/bx/it --> TU/lmr/bx/it on input line 7.
LaTeX Font Info:    Overwriting math alphabet `\mathsf' in version `bold'
(Font)                  OT1/cmss/bx/n --> TU/lmss/bx/n on input line 7.
LaTeX Font Info:    Overwriting math alphabet `\mathtt' in version `bold'
(Font)                  OT1/cmtt/m/n --> TU/lmtt/bx/n on input line 7.
\AtBeginShipoutBox=\box63
Package hyperref Info: Link coloring ON on input line 7.
(/usr/local/texlive/2018/texmf-dist/tex/latex/hyperref/nameref.sty
Package: nameref 2016/05/21 v2.44 Cross-referencing by name of section

(/usr/local/texlive/2018/texmf-dist/tex/generic/oberdiek/gettitlestring.sty
Package: gettitlestring 2016/05/16 v1.5 Cleanup title references (HO)
)
\c@section@level=\count288
)
LaTeX Info: Redefining \ref on input line 7.
LaTeX Info: Redefining \pageref on input line 7.
LaTeX Info: Redefining \nameref on input line 7.

(./index.out) (./index.out)
\@outlinefile=\write3
\openout3 = `index.out'.

Package caption Info: Begin \AtBeginDocument code.
Package caption Info: End \AtBeginDocument code.
Invalid UTF-8 byte or sequence at line 11 replaced by U+FFFD.
Invalid UTF-8 byte or sequence at line 11 replaced by U+FFFD.
Invalid UTF-8 byte or sequence at line 11 replaced by U+FFFD.
Invalid UTF-8 byte or sequence at line 11 replaced by U+FFFD.
Invalid UTF-8 byte or sequence at line 11 replaced by U+FFFD.
Invalid UTF-8 byte or sequence at line 11 replaced by U+FFFD.
Invalid UTF-8 byte or sequence at line 11 replaced by U+FFFD.
File: ./gfx/lligg.eps Graphic file (type eps)
<./gfx/lligg.eps>
LaTeX Font Info:    External font `cmex10' loaded for size
(Font)              <7> on input line 12.
LaTeX Font Info:    External font `cmex10' loaded for size
(Font)              <5> on input line 12.
 (./1-intro.tex
 .
(/usr/local/texlive/2018/texmf-dist/tex/generic/oberdiek/se-ascii-print.def
File: se-ascii-print.def 2016/05/16 v1.11 stringenc: Printable ASCII characters

)
File: ./gfx/pan.jpg Graphic file (type bmp)
<./gfx/pan.jpg>

Overfull \hbox (0.93515pt too wide) in paragraph at lines 16--17
 [] 
 []

[1


]
Underfull \hbox (badness 2846) in paragraph at lines 39--41
[]\TU/lmr/m/n/10 En liste over noen språkkurs som godkjennes i
 []


Underfull \hbox (badness 10000) in paragraph at lines 39--41
[][]$[][][][] [] [] [] [][][] [] [][][][][][][][][][][][][] [] [][] [] [][][][]
[][][] [] [][][][][][][] []
 []


Underfull \hbox (badness 10000) in paragraph at lines 39--41
[][][] [] [][][][][][][] [] [][][] [] [][][][][][][][][][][] [] [][][][][][] []
 [][][][] []
 []


Underfull \hbox (badness 10000) in paragraph at lines 43--45
[][]$[][][][] [] [] [] [][][] [] [][][][][][][][][][][][][] [] [][] [] [][][][]
[][][] [] [][][][][][][] []
 []


Underfull \hbox (badness 10000) in paragraph at lines 52--54
[][]$[][][][] [] [] [] [][][] [] [][][][][][][][][][] [] [][] [] [][][][][][][]
[][] []
 []

File: ./gfx/wappen.png Graphic file (type bmp)
<./gfx/wappen.png>

LaTeX Warning: `h' float specifier changed to `ht'.

) (./2-ansa.tex [2

]
 .
File: ./gfx/isar.jpg Graphic file (type bmp)
<./gfx/isar.jpg>

Overfull \hbox (0.93515pt too wide) in paragraph at lines 15--16
 [] 
 []


LaTeX Warning: `h' float specifier changed to `ht'.


Underfull \hbox (badness 10000) in paragraph at lines 26--29
[][]$[][][][] [] [] [] [][][] [] [][][][] [] [][] [] [][][][][][][][] [] [][][]
[][][][][] []
 []

File: ./gfx/17mai.jpg Graphic file (type bmp)
<./gfx/17mai.jpg>

Overfull \hbox (0.93515pt too wide) in paragraph at lines 40--41
 [] 
 []


Underfull \hbox (badness 10000) in paragraph at lines 60--60
[]\TU/lmr/bx/n/14.4 Hva koster medlemskap i
 []

[3

]
Underfull \hbox (badness 2790) in paragraph at lines 84--85
\TU/lmr/m/n/10 landsstudenter og består blant annet av innbo-,
 []

File: ./gfx/juletrefest.jpg Graphic file (type bmp)
<./gfx/juletrefest.jpg>

Overfull \hbox (0.93515pt too wide) in paragraph at lines 94--95
 [] 
 []

File: ./gfx/norwegerfete.jpg Graphic file (type bmp)
<./gfx/norwegerfete.jpg>

Overfull \hbox (0.93515pt too wide) in paragraph at lines 103--104
 [] 
 []

) (./3-studere.tex [4]
 .

Underfull \hbox (badness 2644) in paragraph at lines 2--4
\TU/lmr/m/n/10 gjennom: [][]$[][][][] [] [] [] [][][] [] [][][][][][][][][][][]
[][] [] [][] [] [][][][][][][] []
 []


Underfull \hbox (badness 10000) in paragraph at lines 2--4
[][][][][][][] [] [][][] [] [][][][][][][] [] [][][] [] [][][][][][][][][][][][
][][][] []
 []

File: ./gfx/lmu.jpg Graphic file (type bmp)
<./gfx/lmu.jpg>

Overfull \hbox (0.93515pt too wide) in paragraph at lines 11--12
 [] 
 []


Underfull \hbox (badness 10000) in paragraph at lines 19--22

 []


Underfull \hbox (badness 10000) in paragraph at lines 29--31
[][]$[][][][] [] [] [] [][][][][][][] [] [][][][][][][][][][][][][][][][][][][]
[][][][][][] []
 []


Underfull \hbox (badness 10000) in paragraph at lines 46--47
[][][]$[][][][] [] [] [] [][] [] [][][][][][][][][] [] [][][] [] [][][][] [] []
 [] [][] [] [][][][][][][] []
 []


Underfull \hbox (badness 10000) in paragraph at lines 46--47

 []


Underfull \hbox (badness 10000) in paragraph at lines 48--49
[][][]$[][][][] [] [] [] [][][] [] [][][][][][][][] [] [][] [] [][][][][][] [] 
[][][][][][][] []
 []


Underfull \hbox (badness 10000) in paragraph at lines 59--61
[][]$[][][][] [] [] [] [][][] [] [][][][][][][][][][][][][] [] [][] [] [][][][]
[][][] []
 []


Underfull \hbox (badness 10000) in paragraph at lines 59--61

 []


Underfull \hbox (badness 10000) in paragraph at lines 62--64
[][]$[][][][] [] [] [] [][][][][][] [] [][][][][] [] [][] [] [][][][][][][] [] 
[][][][][][][][][][][][][] []
 []


Underfull \hbox (badness 10000) in paragraph at lines 62--64

 []


Underfull \hbox (badness 10000) in paragraph at lines 65--67
[][]$[][][][] [] [] [] [][][] [] [][] [] [][][] [] [][][][][][][][][][][][][][]
[][][][][] []
 []


Underfull \hbox (badness 10000) in paragraph at lines 74--77
[][]$[][][][] [] [] [] [][][] [] [][][][][][][][][][][][][] [] [][] [] [][][][]
[][][] [] [][][][][][][] []
 []


Underfull \hbox (badness 10000) in paragraph at lines 80--82
[][]$[][][][] [] [] [] [][][] [] [][][][][][][][][][][][][] [] [][] [] [][][][]
[][][] [] [][][][][][][][] []
 []


Underfull \hbox (badness 10000) in paragraph at lines 89--91
[][]$[][][][] [] [] [] [][][] [] [][][][][][][][][][][][][] [] [][] [] [][][][]
[][][] []
 []


Underfull \hbox (badness 10000) in paragraph at lines 89--91
[][][][][][][][][][][][][][][] [] [][][][][][] [] [][][][][][][][][][] [] [][][
][][][][][][] []
 []

[5

]
Underfull \hbox (badness 10000) in paragraph at lines 97--99
[][]$[][][][] [] [] [] [][][] [] [][][][][][][][][][][][][] [] [][] [] [][][][]
[][][] []
 []


Underfull \hbox (badness 10000) in paragraph at lines 97--99
[][][][][][][][][][][][][][][] [] [][][][][][] [] [][][][][][][][][][] []
 []


Underfull \hbox (badness 10000) in paragraph at lines 100--102
[]\TU/lmr/m/n/10 Liste over studier som er begrenset: [][]$[][][][] []
 []


Underfull \hbox (badness 10000) in paragraph at lines 100--102
[] [] [][][] [] [][][][][][][][][][][][][] [] [][] [] [][][][][][][] [] [][][][
][][][][] [] [][][] []
 []


Underfull \hbox (badness 10000) in paragraph at lines 100--102
[][][][][][][][][][][][] [] [][][][][][][][][][][][] [] [][][][][][][][][][][][
][][][][] []
 []

File: ./gfx/neu.jpg Graphic file (type bmp)
<./gfx/neu.jpg>

Overfull \hbox (0.93515pt too wide) in paragraph at lines 114--115
 [] 
 []


LaTeX Warning: `h' float specifier changed to `ht'.


Underfull \hbox (badness 10000) in paragraph at lines 137--139
[][]$[][][][] [] [] [] [][][] [] [][][][][][][][][][][][][] [] [][] [] [][][][]
[][][] [] [][][][][][][] []
 []


Underfull \hbox (badness 10000) in paragraph at lines 140--142
[][]$[][][][] [] [] [] [][][] [] [][][][][][][][][][][][][] [] [][] [] [][][][]
[][][] [] [][][][][][][] []
 []


Underfull \hbox (badness 10000) in paragraph at lines 144--146
[][]$[][][][] [] [] [] [][][] [] [][][][][][][][][][][][][] [] [][] [] [][][][]
[][][] [] [][][][][][][] []
 []


Underfull \hbox (badness 10000) in paragraph at lines 144--146
[][][] [] [][][][][][][] [] [][][] [] [][][][][][][][][][][][][][][] [] [][][][
][][] []
 []


Underfull \hbox (badness 10000) in paragraph at lines 147--149
[][]$[][][][] [] [] [] [][][] [] [][][][][][][][][][][][][] [] [][] [] [][][][]
[][][] []
 []


Underfull \hbox (badness 10000) in paragraph at lines 147--149
[][][][][][][][][][][][][][][] [] [][][][][][] [] [][][][][][][][][][] [] [][][
][][][][][][] []
 []


Underfull \hbox (badness 10000) in paragraph at lines 152--154
[][]$[][][][] [] [] [] [][][] [] [][][][][][][][][][][][][] [] [][] [] [][][][]
[][][] [] [][][][][][][] []
 []

[6]) (./4-okonomisk.tex [7

]
 .
File: ./gfx/wendelstein.jpg Graphic file (type bmp)
<./gfx/wendelstein.jpg>

LaTeX Warning: `h' float specifier changed to `ht'.


Underfull \hbox (badness 10000) in paragraph at lines 23--24
[]\TU/lmr/m/n/10 Lærestedet må være offisielt godkjent i
 []

File: ./gfx/russefest.jpg Graphic file (type bmp)
<./gfx/russefest.jpg>

LaTeX Warning: `h' float specifier changed to `ht'.

) (./5-bo.tex [8

]
 .

Underfull \hbox (badness 10000) in paragraph at lines 5--6
[]\TU/lmr/m/n/10 Kalt Miete/warm Miete - uten og med
 []

File: ./gfx/olympia.jpg Graphic file (type bmp)
<./gfx/olympia.jpg>

LaTeX Warning: `h' float specifier changed to `ht'.

) (./6-reise.tex [9

]
 .
File: ./gfx/okt.jpg Graphic file (type bmp)
<./gfx/okt.jpg>

Overfull \hbox (0.93515pt too wide) in paragraph at lines 31--32
 [] 
 []

) (./7-jobb.tex
Underfull \hbox (badness 2318) in paragraph at lines 36--1
\TU/lmr/m/n/10 Fra og med vintersemesteret 2013 tilbys det en
 []

[10

]
 .
File: ./gfx/arena.jpg Graphic file (type bmp)
<./gfx/arena.jpg>

Overfull \hbox (0.93515pt too wide) in paragraph at lines 13--14
 [] 
 []

) (./8-fritid.tex
Underfull \hbox (badness 10000) in paragraph at lines 17--1
[][]$[][][][] [] [] [] [][][] [] [][][][][][][] [] [][][] [] [][][][][][][] [] 
[][][][][][] []
 []


Underfull \hbox (badness 10000) in paragraph at lines 17--1
[][][][][][][][] [] [][][][][][][][][][][][][][][] [] [][][][][][][][][][][][][
][][][] []
 []


Underfull \hbox (badness 10000) in paragraph at lines 17--1
[][]$[][][][] [] [] [] [][][] [] [][][][][][] [] [][] [] [][] [] [][][][][][][]
[] [] [][][][][][][][] [][]
 []

[11


]
 .

Underfull \hbox (badness 10000) in paragraph at lines 24--27
[] [] [][][] [] [][][][][][][][][][][][][][][][][] [] [][] [] [] [] [][][][][][
][][] [] [][][][] []
 []


Underfull \hbox (badness 1735) in paragraph at lines 24--27
\TU/lmr/m/n/10 Afterskien i de tyske alpene er ikke noe særlig.
 []


Underfull \hbox (badness 1320) in paragraph at lines 24--27
\TU/lmr/m/n/10 “Studenten im Schnee” ograniserer også turer for
 []

File: ./gfx/hintertux.jpg Graphic file (type bmp)
<./gfx/hintertux.jpg>

Overfull \hbox (0.93515pt too wide) in paragraph at lines 43--44
 [] 
 []

) (./9-diverse.tex [12

]
 .

Underfull \hbox (badness 10000) in paragraph at lines 6--8
[][]$[][][][] [] [] [] [][][] [] [][][][][][][][] [] [][] [] [][][][][][][] []
 []

File: ./gfx/lech.jpg Graphic file (type bmp)
<./gfx/lech.jpg>

Overfull \hbox (0.93515pt too wide) in paragraph at lines 15--16
 [] 
 []


LaTeX Warning: `h' float specifier changed to `ht'.


Underfull \hbox (badness 10000) in paragraph at lines 46--48
[][]$[][][][] [] [] [] [][][] [] [][][][][][][] [] [][] [] [][][][][][][][][][]
[] [] [][][][][][][][][][] []
 []

[13

]
Underfull \hbox (badness 6252) in paragraph at lines 60--62
[]\TU/lmr/m/n/10 En oversikt over ulike firmaer som tilbyr in-
 []


Underfull \hbox (badness 10000) in paragraph at lines 60--62
\TU/lmr/m/n/10 ternett finner du på denne siden: [][]$[][][][] []
 []


Underfull \hbox (badness 10000) in paragraph at lines 60--62
[] [] [][][] [] [][][][][][][][][] [] [][] [] [][][][][][][][][][] [] [][][][][
][][][][] []
 []

File: ./gfx/spitzing.jpg Graphic file (type bmp)
<./gfx/spitzing.jpg>

Overfull \hbox (0.93515pt too wide) in paragraph at lines 65--66
 [] 
 []


Underfull \hbox (badness 10000) in paragraph at lines 84--86
[][]$[][][][] [] [] [] [][][] [] [][][][][][][][][][][][][] [] [][] [] [][] [] 
[][][][][][][][][][][][][][][] []
 []


Underfull \hbox (badness 1642) in paragraph at lines 92--95
[]\TU/lmr/m/n/10 En kan også sjekke mulighetene for utføre varer
 []


Underfull \hbox (badness 10000) in paragraph at lines 97--100
[][]$[][][][] [] [] [] [][][] [] [][][][] [] [][] [] [][][][][][][][][][] [] []
[][][][][][][][] [] [][] []
 []


Underfull \hbox (badness 10000) in paragraph at lines 97--100
[][][][][][][][][][][][][][][][][][][][][] [] [][][][][][][][][][][][][][] [] [
][][][][][] []
 []


Underfull \hbox (badness 10000) in paragraph at lines 97--100
\TU/lmr/m/n/10 All informasjon finner du her: [][]$[][][][] []
 []


Underfull \hbox (badness 10000) in paragraph at lines 97--100
[] [] [][][] [] [][][][] [] [][] [] [][] [] [][][][][][][][][][][][][][] [] [][
][][][][] []
 []


Underfull \hbox (badness 10000) in paragraph at lines 97--100
[][][][][][][][][][][][][][][][][][][][][][][][][] [] [][][][][][][][][][][][][
][][][][][] []
 []


Underfull \hbox (badness 10000) in paragraph at lines 97--100
[][][][][][][][][][][][][][][][][][][][] [] [][][][][][][][][][][][][][][][][][
][][] [] [][][][] []
 []

) (./10-linker.tex [14]
Underfull \hbox (badness 10000) in paragraph at lines 2--3

 []


Underfull \hbox (badness 10000) in paragraph at lines 10--13
[]\TU/lmr/m/n/12 Ludwig-Maximilians-Universität
 []

LaTeX Font Info:    External font `cmex10' loaded for size
(Font)              <12> on input line 39.
LaTeX Font Info:    External font `cmex10' loaded for size
(Font)              <8> on input line 39.
LaTeX Font Info:    External font `cmex10' loaded for size
(Font)              <6> on input line 39.
[15]
 .

Underfull \hbox (badness 10000) in paragraph at lines 42--44
[][]$[][][][] [] [] [] [][][] [] [][][][] [] [][] [] [][][][][][][][] [] [][][]
[][][][][] []
 []


Underfull \hbox (badness 10000) in paragraph at lines 45--47
[][][]$[][][][] [] [] [] [][][] [] [][][][] [] [][] [] [][][][][][] []
 []


Underfull \hbox (badness 10000) in paragraph at lines 51--53
[][][]$[][][][] [] [] [] [][][] [] [][][][][][][][] [] [][][] [] [][][][][] [] 
[][][] [] [][][] []
 []


Overfull \hbox (21.93591pt too wide) in paragraph at lines 63--65
[][][]$[][][][] [] [] [] [][][] [] [][][][][][][][][][][][][][][][][][][][][][]
[][][][][][][][][][] []
 []

) [16


] (./index.toc)
\tf@toc=\write4
\openout4 = `index.toc'.

Package atveryend Info: Empty hook `BeforeClearDocument' on input line 28.
 [17


]
Package atveryend Info: Empty hook `AfterLastShipout' on input line 28.
 (./index.aux)
Package atveryend Info: Empty hook `AtVeryEndDocument' on input line 28.
Package atveryend Info: Executing hook `AtEndAfterFileList' on input line 28.
Package rerunfilecheck Info: File `index.out' has not changed.
(rerunfilecheck)             Checksum: 6F2583443532BABA8EC71D2AC28FA7C6.
Package atveryend Info: Empty hook `AtVeryVeryEnd' on input line 28.
 )
(\end occurred when \ifx on line 161 was incomplete) 
Here is how much of TeX's memory you used:
 25355 strings out of 492970
 461061 string characters out of 6133939
 599418 words of memory out of 5000000
 29126 multiletter control sequences out of 15000+600000
 533637 words of font info for 52 fonts, out of 8000000 for 9000
 1348 hyphenation exceptions out of 8191
 43i,12n,77p,10415b,436s stack positions out of 5000i,500n,10000p,200000b,80000s

Output written on index.pdf (17 pages).
